2024-01-16T15:46:19,004 [main] INFO  (Login.java:66) - ====================================================================
2024-01-16T15:46:19,011 [main] INFO  (Login.java:67) - TestCase : Verify_UserLogin_TC0001
2024-01-16T15:46:19,012 [main] INFO  (Login.java:68) - ====================================================================
2024-01-16T15:46:20,886 [main] INFO  (APIHelperClass.java:135) - API-Login_BasePath_Login_Step1 : [/int/is/api/login]
2024-01-16T15:46:20,886 [main] INFO  (APIHelperClass.java:136) - API-Content_Type : [application/json]
2024-01-16T15:46:20,887 [main] INFO  (APIHelperClass.java:137) - API-Login_Step1_Body : [{password=@Qatest27, email=qatest27@mailinator.com}]
2024-01-16T15:46:20,887 [main] INFO  (APIHelperClass.java:138) - API-Status_Code_Step1_StatusCode : [202]
2024-01-16T15:46:20,888 [main] INFO  (APIHelperClass.java:139) - API-response_Login_Step1_Response_Body : [{"loginCode":0,"codeId":"d45e3aaf-2c5b-47f6-9eef-74dfae1d80c0","status":true,"message":"Proceed with TFA to complete the login"}]
2024-01-16T15:46:21,298 [main] INFO  (APIHelperClass.java:143) - API-getCodeID : [d45e3aaf-2c5b-47f6-9eef-74dfae1d80c0]
2024-01-16T15:46:21,299 [main] INFO  (APIHelperClass.java:144) - API-TFACode : [123456]
2024-01-16T15:46:22,116 [main] INFO  (APIHelperClass.java:162) - API-Login_BasePath_Login_Step2 : [/int/is/api/login/tfa/d45e3aaf-2c5b-47f6-9eef-74dfae1d80c0/123456]
2024-01-16T15:46:22,117 [main] INFO  (APIHelperClass.java:163) - API-response_Login_Step2_StatusCode : [200]
2024-01-16T15:46:22,117 [main] INFO  (APIHelperClass.java:164) - API-response_Login_Step2_Response_Body : [{"access_token":"eyJhbGciOiJSUzI1NiIsInR5cCI6ImF0K2p3dCJ9.eyJuYmYiOjE3MDU0MDE5ODIsImV4cCI6MTcwNTQwMjU4MiwiaXNzIjoiaHR0cDovL2xvY2FsaG9zdDo4MDAzIiwiYXVkIjpbIm1hcmtldGRhdGEtYXBpIiwib21zLWFwaSIsInZ0cmFkZXItd2ViLWFwaSJdLCJjbGllbnRfaWQiOiJMU0wiLCJpbnRlcm5hbCI6InRydWUiLCJtYXhfY29ubmVjdGlvbl9hbGxvd2VkX2Zvcl9odWIiOiIxMCIsInN1YiI6InFhdGVzdDI3IiwiYXV0aF90aW1lIjoxNzA1NDAxOTgyLCJpZHAiOiJsb2NhbCIsImp0aSI6IkIzQ0JDNEJFNzg5QzA1MDg1RkYzQjNDODI2M0JBRjYwIiwiaWF0IjoxNzA1NDAxOTgyLCJzY29wZSI6WyJtYXJrZXRkYXRhLWFwaSIsIm9tcy1hcGkiLCJ2dHJhZGVyLXdlYi1hcGkiLCJvZmZsaW5lX2FjY2VzcyJdLCJhbXIiOlsicGFzc3dvcmQiXX0.l_M-4w9_nl05CSZ5DbM7_kM4VH76V9X3OFraukzqkyCNeq3QvnEva1D9G2tUDGv0uCXJoK44RnBHN8KjxBWRjgPyBlD4pScN_Yd0Uw8NE1YHtGe9SmoHHr5mqGI-6mIKvW_D7PWZguT8dRII5CdXCrudndQxt7KLXGJ8Uwl3JRG1Kk8iq34IXQJWDXD7OsM_nkO8vDVepZ0hWBvw3vueZvNCtv3V-AC_z39VA1mIWTewyRiwVxeF04rGKCEx85kIOLnpqAuxPo9l7vUn4UW6SNsHo6gJT4MZqAOtUOYPS1HcUT1nJDGbGorwAZjKm30nNzOvWnpXqRKFXqrFxPC16w","expires_in":600,"token_type":"Bearer","refresh_token":"B0273E5918E593436ABD3F9AC698EBFA89CF9AC9766B9D05A4D9C3AE288F76CF","scope":"marketdata-api offline_access oms-api vtrader-web-api","email":"qatest27@mailinator.com","biometric_token":null,"biometric_token_expiry":"0001-01-01T00:00:00.000Z","error":null,"error_description":null}]
2024-01-16T15:46:22,130 [main] INFO  (Login.java:82) - API-Response_Login_AccToken : [eyJhbGciOiJSUzI1NiIsInR5cCI6ImF0K2p3dCJ9.eyJuYmYiOjE3MDU0MDE5ODIsImV4cCI6MTcwNTQwMjU4MiwiaXNzIjoiaHR0cDovL2xvY2FsaG9zdDo4MDAzIiwiYXVkIjpbIm1hcmtldGRhdGEtYXBpIiwib21zLWFwaSIsInZ0cmFkZXItd2ViLWFwaSJdLCJjbGllbnRfaWQiOiJMU0wiLCJpbnRlcm5hbCI6InRydWUiLCJtYXhfY29ubmVjdGlvbl9hbGxvd2VkX2Zvcl9odWIiOiIxMCIsInN1YiI6InFhdGVzdDI3IiwiYXV0aF90aW1lIjoxNzA1NDAxOTgyLCJpZHAiOiJsb2NhbCIsImp0aSI6IkIzQ0JDNEJFNzg5QzA1MDg1RkYzQjNDODI2M0JBRjYwIiwiaWF0IjoxNzA1NDAxOTgyLCJzY29wZSI6WyJtYXJrZXRkYXRhLWFwaSIsIm9tcy1hcGkiLCJ2dHJhZGVyLXdlYi1hcGkiLCJvZmZsaW5lX2FjY2VzcyJdLCJhbXIiOlsicGFzc3dvcmQiXX0.l_M-4w9_nl05CSZ5DbM7_kM4VH76V9X3OFraukzqkyCNeq3QvnEva1D9G2tUDGv0uCXJoK44RnBHN8KjxBWRjgPyBlD4pScN_Yd0Uw8NE1YHtGe9SmoHHr5mqGI-6mIKvW_D7PWZguT8dRII5CdXCrudndQxt7KLXGJ8Uwl3JRG1Kk8iq34IXQJWDXD7OsM_nkO8vDVepZ0hWBvw3vueZvNCtv3V-AC_z39VA1mIWTewyRiwVxeF04rGKCEx85kIOLnpqAuxPo9l7vUn4UW6SNsHo6gJT4MZqAOtUOYPS1HcUT1nJDGbGorwAZjKm30nNzOvWnpXqRKFXqrFxPC16w]
2024-01-16T15:46:22,235 [main] INFO  (Subscribe_AccountBalance.java:48) - ====================================================================
2024-01-16T15:46:22,236 [main] INFO  (Subscribe_AccountBalance.java:49) - TestCase : Subscribe_AccountBalance_TC0001
2024-01-16T15:46:22,236 [main] INFO  (Subscribe_AccountBalance.java:50) - ====================================================================
2024-01-16T15:46:23,025 [main] INFO  (Subscribe_AccountBalance.java:65) - API-Subscribe_AccountBalance_BasePath : [/int/ord/api/account/balances/subscribe]
2024-01-16T15:46:23,025 [main] INFO  (Subscribe_AccountBalance.java:66) - API-Content_Type : [application/json]
2024-01-16T15:46:23,025 [main] INFO  (Subscribe_AccountBalance.java:67) - API-Subscribe_AccountBalance_StatusCode : [200]
2024-01-16T15:46:23,275 [main] INFO  (Login.java:66) - ====================================================================
2024-01-16T15:46:23,275 [main] INFO  (Login.java:67) - TestCase : Verify_UserLogin_TC0001
2024-01-16T15:46:23,275 [main] INFO  (Login.java:68) - ====================================================================
2024-01-16T15:46:23,868 [main] INFO  (APIHelperClass.java:135) - API-Login_BasePath_Login_Step1 : [/int/is/api/login]
2024-01-16T15:46:23,868 [main] INFO  (APIHelperClass.java:136) - API-Content_Type : [application/json]
2024-01-16T15:46:23,868 [main] INFO  (APIHelperClass.java:137) - API-Login_Step1_Body : [{password=@Qatest27, email=qatest27@mailinator.com}]
2024-01-16T15:46:23,868 [main] INFO  (APIHelperClass.java:138) - API-Status_Code_Step1_StatusCode : [202]
2024-01-16T15:46:23,869 [main] INFO  (APIHelperClass.java:139) - API-response_Login_Step1_Response_Body : [{"loginCode":0,"codeId":"c30106fa-c001-4799-bd11-f3f129eee61c","status":true,"message":"Proceed with TFA to complete the login"}]
2024-01-16T15:46:23,876 [main] INFO  (APIHelperClass.java:143) - API-getCodeID : [c30106fa-c001-4799-bd11-f3f129eee61c]
2024-01-16T15:46:23,876 [main] INFO  (APIHelperClass.java:144) - API-TFACode : [123456]
2024-01-16T15:46:24,783 [main] INFO  (APIHelperClass.java:162) - API-Login_BasePath_Login_Step2 : [/int/is/api/login/tfa/c30106fa-c001-4799-bd11-f3f129eee61c/123456]
2024-01-16T15:46:24,784 [main] INFO  (APIHelperClass.java:163) - API-response_Login_Step2_StatusCode : [200]
2024-01-16T15:46:24,784 [main] INFO  (APIHelperClass.java:164) - API-response_Login_Step2_Response_Body : [{"access_token":"eyJhbGciOiJSUzI1NiIsInR5cCI6ImF0K2p3dCJ9.eyJuYmYiOjE3MDU0MDE5ODQsImV4cCI6MTcwNTQwMjU4NCwiaXNzIjoiaHR0cDovL2xvY2FsaG9zdDo4MDAzIiwiYXVkIjpbIm1hcmtldGRhdGEtYXBpIiwib21zLWFwaSIsInZ0cmFkZXItd2ViLWFwaSJdLCJjbGllbnRfaWQiOiJMU0wiLCJpbnRlcm5hbCI6InRydWUiLCJtYXhfY29ubmVjdGlvbl9hbGxvd2VkX2Zvcl9odWIiOiIxMCIsInN1YiI6InFhdGVzdDI3IiwiYXV0aF90aW1lIjoxNzA1NDAxOTg0LCJpZHAiOiJsb2NhbCIsImp0aSI6IjJERkFDOTQ4NUFFQTAwNzc0OEQ5QTNFNTE1QTNEOUFDIiwiaWF0IjoxNzA1NDAxOTg0LCJzY29wZSI6WyJtYXJrZXRkYXRhLWFwaSIsIm9tcy1hcGkiLCJ2dHJhZGVyLXdlYi1hcGkiLCJvZmZsaW5lX2FjY2VzcyJdLCJhbXIiOlsicGFzc3dvcmQiXX0.DG3mJSF3oIb9tgFtRR0O9iSfeVIHQbJPDBrFcMxRUgKQgnR47eZVvZ0mrsM4SAhNFQfy6mR6wFOTsjPHW-JTlOxx4JqMOlFhnoK7kmoxcdmP1814twadsXHcyTNm_i0BFq1bB3wHD0RgXdNZrdUGs59nZhfMo7pDB8liQmiQFdWBrTCqDwA1ZR9FghtvtHJuLpN3Bj6DjvicwmlyAVp7p63RaUHENTxfi5bY02f3GAmyrapNNZcsMK5TJAtrY-9NXqfoGap3BLKEhKecB8toXIlD-JwC3dLpZV2JHWkyQxXYW6YLTYwuex1p6bneUN5Ut2M14XRBJY4caoKWUeaYig","expires_in":600,"token_type":"Bearer","refresh_token":"E4418ADDD67C715796BD8BA18865FE10EED048E4B13AFA5851AEF58020193478","scope":"marketdata-api offline_access oms-api vtrader-web-api","email":"qatest27@mailinator.com","biometric_token":null,"biometric_token_expiry":"0001-01-01T00:00:00.000Z","error":null,"error_description":null}]
2024-01-16T15:46:24,793 [main] INFO  (Login.java:82) - API-Response_Login_AccToken : [eyJhbGciOiJSUzI1NiIsInR5cCI6ImF0K2p3dCJ9.eyJuYmYiOjE3MDU0MDE5ODQsImV4cCI6MTcwNTQwMjU4NCwiaXNzIjoiaHR0cDovL2xvY2FsaG9zdDo4MDAzIiwiYXVkIjpbIm1hcmtldGRhdGEtYXBpIiwib21zLWFwaSIsInZ0cmFkZXItd2ViLWFwaSJdLCJjbGllbnRfaWQiOiJMU0wiLCJpbnRlcm5hbCI6InRydWUiLCJtYXhfY29ubmVjdGlvbl9hbGxvd2VkX2Zvcl9odWIiOiIxMCIsInN1YiI6InFhdGVzdDI3IiwiYXV0aF90aW1lIjoxNzA1NDAxOTg0LCJpZHAiOiJsb2NhbCIsImp0aSI6IjJERkFDOTQ4NUFFQTAwNzc0OEQ5QTNFNTE1QTNEOUFDIiwiaWF0IjoxNzA1NDAxOTg0LCJzY29wZSI6WyJtYXJrZXRkYXRhLWFwaSIsIm9tcy1hcGkiLCJ2dHJhZGVyLXdlYi1hcGkiLCJvZmZsaW5lX2FjY2VzcyJdLCJhbXIiOlsicGFzc3dvcmQiXX0.DG3mJSF3oIb9tgFtRR0O9iSfeVIHQbJPDBrFcMxRUgKQgnR47eZVvZ0mrsM4SAhNFQfy6mR6wFOTsjPHW-JTlOxx4JqMOlFhnoK7kmoxcdmP1814twadsXHcyTNm_i0BFq1bB3wHD0RgXdNZrdUGs59nZhfMo7pDB8liQmiQFdWBrTCqDwA1ZR9FghtvtHJuLpN3Bj6DjvicwmlyAVp7p63RaUHENTxfi5bY02f3GAmyrapNNZcsMK5TJAtrY-9NXqfoGap3BLKEhKecB8toXIlD-JwC3dLpZV2JHWkyQxXYW6YLTYwuex1p6bneUN5Ut2M14XRBJY4caoKWUeaYig]
2024-01-16T15:46:24,861 [main] INFO  (UnSubscribe_AccountBalance.java:48) - ====================================================================
2024-01-16T15:46:24,862 [main] INFO  (UnSubscribe_AccountBalance.java:49) - TestCase : UnSubscribe_AccountBalance_TC0001
2024-01-16T15:46:24,862 [main] INFO  (UnSubscribe_AccountBalance.java:50) - ====================================================================
2024-01-16T15:46:25,442 [main] INFO  (UnSubscribe_AccountBalance.java:65) - API-UnSubscribe_AccountBalance_BasePath : [/int/ord/api/account/balances/unsubscribe]
2024-01-16T15:46:25,443 [main] INFO  (UnSubscribe_AccountBalance.java:66) - API-Content_Type : [application/json]
2024-01-16T15:46:25,443 [main] INFO  (UnSubscribe_AccountBalance.java:67) - API-UnSubscribe_AccountBalance_StatusCode : [200]
2024-01-16T15:46:25,443 [main] INFO  (UnSubscribe_AccountBalance.java:68) - API-UnSubscribe_AccountBalance_StatusCode : [Success!]
